2013-11-27 10:40:45 7228 [Note] Plugin 'FEDERATED' is disabled.
2013-11-27 10:40:45 7228 [Note] InnoDB: The InnoDB memory heap is disabled
2013-11-27 10:40:45 7228 [Note] InnoDB: Mutexes and rw_locks use Windows interlocked functions
2013-11-27 10:40:45 7228 [Note] InnoDB: Compressed tables use zlib 1.2.3
2013-11-27 10:40:45 7228 [Note] InnoDB: Not using CPU crc32 instructions
2013-11-27 10:40:45 7228 [Note] InnoDB: Initializing buffer pool, size = 128.0M
2013-11-27 10:40:45 7228 [Note] InnoDB: Completed initialization of buffer pool
2013-11-27 10:40:45 7228 [Note] InnoDB: Setting log file C:\Git\Festival Administration\USBWebserver\mysql\data\ib_logfile101 size to 5 MB
2013-11-27 10:40:45 7228 [Note] InnoDB: Setting log file C:\Git\Festival Administration\USBWebserver\mysql\data\ib_logfile1 size to 5 MB
2013-11-27 10:40:45 7228 [Note] InnoDB: Renaming log file C:\Git\Festival Administration\USBWebserver\mysql\data\ib_logfile101 to C:\Git\Festival Administration\USBWebserver\mysql\data\ib_logfile0
2013-11-27 10:40:46 7228 [Warning] InnoDB: New log files created, LSN=1626134
2013-11-27 10:40:46 7228 [Note] InnoDB: Highest supported file format is Barracuda.
2013-11-27 10:40:46 e68 InnoDB: Error: page 7 log sequence number 1627840
InnoDB: is in the future! Current system log sequence number 1626636.
InnoDB: Your database may be corrupt or you may have copied the InnoDB
InnoDB: tablespace but not the InnoDB log files. See
InnoDB: http://dev.mysql.com/doc/refman/5.6/en/forcing-innodb-recovery.html
InnoDB: for more information.
2013-11-27 10:40:46 e68 InnoDB: Error: page 2 log sequence number 1645071
InnoDB: is in the future! Current system log sequence number 1626636.
InnoDB: Your database may be corrupt or you may have copied the InnoDB
InnoDB: tablespace but not the InnoDB log files. See
InnoDB: http://dev.mysql.com/doc/refman/5.6/en/forcing-innodb-recovery.html
InnoDB: for more information.
2013-11-27 10:40:46 e68 InnoDB: Error: page 11 log sequence number 1653785
InnoDB: is in the future! Current system log sequence number 1626636.
InnoDB: Your database may be corrupt or you may have copied the InnoDB
InnoDB: tablespace but not the InnoDB log files. See
InnoDB: http://dev.mysql.com/doc/refman/5.6/en/forcing-innodb-recovery.html
InnoDB: for more information.
2013-11-27 10:40:46 e68 InnoDB: Error: page 5 log sequence number 1649683
InnoDB: is in the future! Current system log sequence number 1626636.
InnoDB: Your database may be corrupt or you may have copied the InnoDB
InnoDB: tablespace but not the InnoDB log files. See
InnoDB: http://dev.mysql.com/doc/refman/5.6/en/forcing-innodb-recovery.html
InnoDB: for more information.
2013-11-27 10:40:46 e68 InnoDB: Error: page 312 log sequence number 1630027
InnoDB: is in the future! Current system log sequence number 1626636.
InnoDB: Your database may be corrupt or you may have copied the InnoDB
InnoDB: tablespace but not the InnoDB log files. See
InnoDB: http://dev.mysql.com/doc/refman/5.6/en/forcing-innodb-recovery.html
InnoDB: for more information.
2013-11-27 10:40:46 e68 InnoDB: Error: page 313 log sequence number 1630203
InnoDB: is in the future! Current system log sequence number 1626636.
InnoDB: Your database may be corrupt or you may have copied the InnoDB
InnoDB: tablespace but not the InnoDB log files. See
InnoDB: http://dev.mysql.com/doc/refman/5.6/en/forcing-innodb-recovery.html
InnoDB: for more information.
2013-11-27 10:40:46 e68 InnoDB: Error: page 51 log sequence number 1653724
InnoDB: is in the future! Current system log sequence number 1626636.
InnoDB: Your database may be corrupt or you may have copied the InnoDB
InnoDB: tablespace but not the InnoDB log files. See
InnoDB: http://dev.mysql.com/doc/refman/5.6/en/forcing-innodb-recovery.html
InnoDB: for more information.
2013-11-27 10:40:46 e68 InnoDB: Error: page 314 log sequence number 1631171
InnoDB: is in the future! Current system log sequence number 1626636.
InnoDB: Your database may be corrupt or you may have copied the InnoDB
InnoDB: tablespace but not the InnoDB log files. See
InnoDB: http://dev.mysql.com/doc/refman/5.6/en/forcing-innodb-recovery.html
InnoDB: for more information.
2013-11-27 10:40:46 e68 InnoDB: Error: page 329 log sequence number 1653724
InnoDB: is in the future! Current system log sequence number 1626636.
InnoDB: Your database may be corrupt or you may have copied the InnoDB
InnoDB: tablespace but not the InnoDB log files. See
InnoDB: http://dev.mysql.com/doc/refman/5.6/en/forcing-innodb-recovery.html
InnoDB: for more information.
2013-11-27 10:40:46 e68 InnoDB: Error: page 52 log sequence number 1650652
InnoDB: is in the future! Current system log sequence number 1626636.
InnoDB: Your database may be corrupt or you may have copied the InnoDB
InnoDB: tablespace but not the InnoDB log files. See
InnoDB: http://dev.mysql.com/doc/refman/5.6/en/forcing-innodb-recovery.html
InnoDB: for more information.
2013-11-27 10:40:46 e68 InnoDB: Error: page 315 log sequence number 1632160
InnoDB: is in the future! Current system log sequence number 1626636.
InnoDB: Your database may be corrupt or you may have copied the InnoDB
InnoDB: tablespace but not the InnoDB log files. See
InnoDB: http://dev.mysql.com/doc/refman/5.6/en/forcing-innodb-recovery.html
InnoDB: for more information.
2013-11-27 10:40:46 e68 InnoDB: Error: page 327 log sequence number 1650652
InnoDB: is in the future! Current system log sequence number 1626636.
InnoDB: Your database may be corrupt or you may have copied the InnoDB
InnoDB: tablespace but not the InnoDB log files. See
InnoDB: http://dev.mysql.com/doc/refman/5.6/en/forcing-innodb-recovery.html
InnoDB: for more information.
2013-11-27 10:40:46 e68 InnoDB: Error: page 53 log sequence number 1652013
InnoDB: is in the future! Current system log sequence number 1626636.
InnoDB: Your database may be corrupt or you may have copied the InnoDB
InnoDB: tablespace but not the InnoDB log files. See
InnoDB: http://dev.mysql.com/doc/refman/5.6/en/forcing-innodb-recovery.html
InnoDB: for more information.
2013-11-27 10:40:46 e68 InnoDB: Error: page 316 log sequence number 1633126
InnoDB: is in the future! Current system log sequence number 1626636.
InnoDB: Your database may be corrupt or you may have copied the InnoDB
InnoDB: tablespace but not the InnoDB log files. See
InnoDB: http://dev.mysql.com/doc/refman/5.6/en/forcing-innodb-recovery.html
InnoDB: for more information.
2013-11-27 10:40:46 e68 InnoDB: Error: page 328 log sequence number 1652013
InnoDB: is in the future! Current system log sequence number 1626636.
InnoDB: Your database may be corrupt or you may have copied the InnoDB
InnoDB: tablespace but not the InnoDB log files. See
InnoDB: http://dev.mysql.com/doc/refman/5.6/en/forcing-innodb-recovery.html
InnoDB: for more information.
2013-11-27 10:40:46 e68 InnoDB: Error: page 55 log sequence number 1633908
InnoDB: is in the future! Current system log sequence number 1626636.
InnoDB: Your database may be corrupt or you may have copied the InnoDB
InnoDB: tablespace but not the InnoDB log files. See
InnoDB: http://dev.mysql.com/doc/refman/5.6/en/forcing-innodb-recovery.html
InnoDB: for more information.
2013-11-27 10:40:46 e68 InnoDB: Error: page 317 log sequence number 1640065
InnoDB: is in the future! Current system log sequence number 1626636.
InnoDB: Your database may be corrupt or you may have copied the InnoDB
InnoDB: tablespace but not the InnoDB log files. See
InnoDB: http://dev.mysql.com/doc/refman/5.6/en/forcing-innodb-recovery.html
InnoDB: for more information.
2013-11-27 10:40:46 e68 InnoDB: Error: page 57 log sequence number 1640236
InnoDB: is in the future! Current system log sequence number 1626636.
InnoDB: Your database may be corrupt or you may have copied the InnoDB
InnoDB: tablespace but not the InnoDB log files. See
InnoDB: http://dev.mysql.com/doc/refman/5.6/en/forcing-innodb-recovery.html
InnoDB: for more information.
2013-11-27 10:40:46 e68 InnoDB: Error: page 318 log sequence number 1640236
InnoDB: is in the future! Current system log sequence number 1626636.
InnoDB: Your database may be corrupt or you may have copied the InnoDB
InnoDB: tablespace but not the InnoDB log files. See
InnoDB: http://dev.mysql.com/doc/refman/5.6/en/forcing-innodb-recovery.html
InnoDB: for more information.
2013-11-27 10:40:46 e68 InnoDB: Error: page 59 log sequence number 1641434
InnoDB: is in the future! Current system log sequence number 1626636.
InnoDB: Your database may be corrupt or you may have copied the InnoDB
InnoDB: tablespace but not the InnoDB log files. See
InnoDB: http://dev.mysql.com/doc/refman/5.6/en/forcing-innodb-recovery.html
InnoDB: for more information.
2013-11-27 10:40:46 e68 InnoDB: Error: page 319 log sequence number 1641434
InnoDB: is in the future! Current system log sequence number 1626636.
InnoDB: Your database may be corrupt or you may have copied the InnoDB
InnoDB: tablespace but not the InnoDB log files. See
InnoDB: http://dev.mysql.com/doc/refman/5.6/en/forcing-innodb-recovery.html
InnoDB: for more information.
2013-11-27 10:40:46 e68 InnoDB: Error: page 61 log sequence number 1643135
InnoDB: is in the future! Current system log sequence number 1626636.
InnoDB: Your database may be corrupt or you may have copied the InnoDB
InnoDB: tablespace but not the InnoDB log files. See
InnoDB: http://dev.mysql.com/doc/refman/5.6/en/forcing-innodb-recovery.html
InnoDB: for more information.
2013-11-27 10:40:46 e68 InnoDB: Error: page 320 log sequence number 1643135
InnoDB: is in the future! Current system log sequence number 1626636.
InnoDB: Your database may be corrupt or you may have copied the InnoDB
InnoDB: tablespace but not the InnoDB log files. See
InnoDB: http://dev.mysql.com/doc/refman/5.6/en/forcing-innodb-recovery.html
InnoDB: for more information.
2013-11-27 10:40:46 e68 InnoDB: Error: page 63 log sequence number 1644186
InnoDB: is in the future! Current system log sequence number 1626636.
InnoDB: Your database may be corrupt or you may have copied the InnoDB
InnoDB: tablespace but not the InnoDB log files. See
InnoDB: http://dev.mysql.com/doc/refman/5.6/en/forcing-innodb-recovery.html
InnoDB: for more information.
2013-11-27 10:40:46 e68 InnoDB: Error: page 321 log sequence number 1644186
InnoDB: is in the future! Current system log sequence number 1626636.
InnoDB: Your database may be corrupt or you may have copied the InnoDB
InnoDB: tablespace but not the InnoDB log files. See
InnoDB: http://dev.mysql.com/doc/refman/5.6/en/forcing-innodb-recovery.html
InnoDB: for more information.
2013-11-27 10:40:46 e68 InnoDB: Error: page 193 log sequence number 1645331
InnoDB: is in the future! Current system log sequence number 1626636.
InnoDB: Your database may be corrupt or you may have copied the InnoDB
InnoDB: tablespace but not the InnoDB log files. See
InnoDB: http://dev.mysql.com/doc/refman/5.6/en/forcing-innodb-recovery.html
InnoDB: for more information.
2013-11-27 10:40:46 e68 InnoDB: Error: page 322 log sequence number 1645331
InnoDB: is in the future! Current system log sequence number 1626636.
InnoDB: Your database may be corrupt or you may have copied the InnoDB
InnoDB: tablespace but not the InnoDB log files. See
InnoDB: http://dev.mysql.com/doc/refman/5.6/en/forcing-innodb-recovery.html
InnoDB: for more information.
2013-11-27 10:40:46 e68 InnoDB: Error: page 195 log sequence number 1647481
InnoDB: is in the future! Current system log sequence number 1626636.
InnoDB: Your database may be corrupt or you may have copied the InnoDB
InnoDB: tablespace but not the InnoDB log files. See
InnoDB: http://dev.mysql.com/doc/refman/5.6/en/forcing-innodb-recovery.html
InnoDB: for more information.
2013-11-27 10:40:46 e68 InnoDB: Error: page 324 log sequence number 1647481
InnoDB: is in the future! Current system log sequence number 1626636.
InnoDB: Your database may be corrupt or you may have copied the InnoDB
InnoDB: tablespace but not the InnoDB log files. See
InnoDB: http://dev.mysql.com/doc/refman/5.6/en/forcing-innodb-recovery.html
InnoDB: for more information.
2013-11-27 10:40:46 e68 InnoDB: Error: page 197 log sequence number 1648591
InnoDB: is in the future! Current system log sequence number 1626636.
InnoDB: Your database may be corrupt or you may have copied the InnoDB
InnoDB: tablespace but not the InnoDB log files. See
InnoDB: http://dev.mysql.com/doc/refman/5.6/en/forcing-innodb-recovery.html
InnoDB: for more information.
2013-11-27 10:40:46 e68 InnoDB: Error: page 325 log sequence number 1648591
InnoDB: is in the future! Current system log sequence number 1626636.
InnoDB: Your database may be corrupt or you may have copied the InnoDB
InnoDB: tablespace but not the InnoDB log files. See
InnoDB: http://dev.mysql.com/doc/refman/5.6/en/forcing-innodb-recovery.html
InnoDB: for more information.
2013-11-27 10:40:46 e68 InnoDB: Error: page 199 log sequence number 1649647
InnoDB: is in the future! Current system log sequence number 1626636.
InnoDB: Your database may be corrupt or you may have copied the InnoDB
InnoDB: tablespace but not the InnoDB log files. See
InnoDB: http://dev.mysql.com/doc/refman/5.6/en/forcing-innodb-recovery.html
InnoDB: for more information.
2013-11-27 10:40:46 e68 InnoDB: Error: page 326 log sequence number 1649647
InnoDB: is in the future! Current system log sequence number 1626636.
InnoDB: Your database may be corrupt or you may have copied the InnoDB
InnoDB: tablespace but not the InnoDB log files. See
InnoDB: http://dev.mysql.com/doc/refman/5.6/en/forcing-innodb-recovery.html
InnoDB: for more information.
2013-11-27 10:40:46 e68 InnoDB: Error: page 8 log sequence number 1653737
InnoDB: is in the future! Current system log sequence number 1626636.
InnoDB: Your database may be corrupt or you may have copied the InnoDB
InnoDB: tablespace but not the InnoDB log files. See
InnoDB: http://dev.mysql.com/doc/refman/5.6/en/forcing-innodb-recovery.html
InnoDB: for more information.
2013-11-27 10:40:46 7228 [Note] InnoDB: 128 rollback segment(s) are active.
2013-11-27 10:40:46 e68 InnoDB: Error: page 10 log sequence number 1653752
InnoDB: is in the future! Current system log sequence number 1626646.
InnoDB: Your database may be corrupt or you may have copied the InnoDB
InnoDB: tablespace but not the InnoDB log files. See
InnoDB: http://dev.mysql.com/doc/refman/5.6/en/forcing-innodb-recovery.html
InnoDB: for more information.
2013-11-27 10:40:46 e68 InnoDB: Error: page 12 log sequence number 1653790
InnoDB: is in the future! Current system log sequence number 1626646.
InnoDB: Your database may be corrupt or you may have copied the InnoDB
InnoDB: tablespace but not the InnoDB log files. See
InnoDB: http://dev.mysql.com/doc/refman/5.6/en/forcing-innodb-recovery.html
InnoDB: for more information.
2013-11-27 10:40:46 7228 [Note] InnoDB: Waiting for purge to start
2013-11-27 10:40:46 1be0 InnoDB: Error: page 9 log sequence number 1653732
InnoDB: is in the future! Current system log sequence number 1626646.
InnoDB: Your database may be corrupt or you may have copied the InnoDB
InnoDB: tablespace but not the InnoDB log files. See
InnoDB: http://dev.mysql.com/doc/refman/5.6/en/forcing-innodb-recovery.html
InnoDB: for more information.
2013-11-27 10:40:46 1be0 InnoDB: Error: page 308 log sequence number 1653774
InnoDB: is in the future! Current system log sequence number 1626646.
InnoDB: Your database may be corrupt or you may have copied the InnoDB
InnoDB: tablespace but not the InnoDB log files. See
InnoDB: http://dev.mysql.com/doc/refman/5.6/en/forcing-innodb-recovery.html
InnoDB: for more information.
2013-11-27 10:40:46 1be0 InnoDB: Error: page 307 log sequence number 1653780
InnoDB: is in the future! Current system log sequence number 1626646.
InnoDB: Your database may be corrupt or you may have copied the InnoDB
InnoDB: tablespace but not the InnoDB log files. See
InnoDB: http://dev.mysql.com/doc/refman/5.6/en/forcing-innodb-recovery.html
InnoDB: for more information.
2013-11-27 10:40:46 1be0 InnoDB: Error: page 3 log sequence number 1653851
InnoDB: is in the future! Current system log sequence number 1626646.
InnoDB: Your database may be corrupt or you may have copied the InnoDB
InnoDB: tablespace but not the InnoDB log files. See
InnoDB: http://dev.mysql.com/doc/refman/5.6/en/forcing-innodb-recovery.html
InnoDB: for more information.
2013-11-27 10:40:46 1be0 InnoDB: Error: page 3 log sequence number 1653727
InnoDB: is in the future! Current system log sequence number 1626646.
InnoDB: Your database may be corrupt or you may have copied the InnoDB
InnoDB: tablespace but not the InnoDB log files. See
InnoDB: http://dev.mysql.com/doc/refman/5.6/en/forcing-innodb-recovery.html
InnoDB: for more information.
2013-11-27 10:40:46 e68 InnoDB: Error: page 0 log sequence number 1652813
InnoDB: is in the future! Current system log sequence number 1626646.
InnoDB: Your database may be corrupt or you may have copied the InnoDB
InnoDB: tablespace but not the InnoDB log files. See
InnoDB: http://dev.mysql.com/doc/refman/5.6/en/forcing-innodb-recovery.html
InnoDB: for more information.
2013-11-27 10:40:46 7228 [Note] InnoDB: 5.6.13 started; log sequence number 1626636
2013-11-27 10:40:46 7228 [Warning] No existing UUID has been found, so we assume that this is the first time that this server has been started. Generating a new UUID: fe12c974-5747-11e3-bc01-0250f2000001.
2013-11-27 10:40:46 7228 [Note] Server hostname (bind-address): '*'; port: 3307
2013-11-27 10:40:46 7228 [Note] IPv6 is available.
2013-11-27 10:40:46 7228 [Note]   - '::' resolves to '::';
2013-11-27 10:40:46 7228 [Note] Server socket created on IP: '::'.
2013-11-27 10:40:46 7228 [ERROR] Can't start server: Bind on TCP/IP port: No such file or directory
2013-11-27 10:40:46 7228 [ERROR] Do you already have another mysqld server running on port: 3307 ?
2013-11-27 10:40:46 7228 [ERROR] Aborting

2013-11-27 10:40:46 7228 [Note] Binlog end
2013-11-27 10:40:46 7228 [Note] Shutting down plugin 'partition'
2013-11-27 10:40:46 7228 [Note] Shutting down plugin 'PERFORMANCE_SCHEMA'
2013-11-27 10:40:46 7228 [Note] Shutting down plugin 'INNODB_SYS_DATAFILES'
2013-11-27 10:40:46 7228 [Note] Shutting down plugin 'INNODB_SYS_TABLESPACES'
2013-11-27 10:40:46 7228 [Note] Shutting down plugin 'INNODB_SYS_FOREIGN_COLS'
2013-11-27 10:40:46 7228 [Note] Shutting down plugin 'INNODB_SYS_FOREIGN'
2013-11-27 10:40:46 7228 [Note] Shutting down plugin 'INNODB_SYS_FIELDS'
2013-11-27 10:40:46 7228 [Note] Shutting down plugin 'INNODB_SYS_COLUMNS'
2013-11-27 10:40:46 7228 [Note] Shutting down plugin 'INNODB_SYS_INDEXES'
2013-11-27 10:40:46 7228 [Note] Shutting down plugin 'INNODB_SYS_TABLESTATS'
2013-11-27 10:40:46 7228 [Note] Shutting down plugin 'INNODB_SYS_TABLES'
2013-11-27 10:40:46 7228 [Note] Shutting down plugin 'INNODB_FT_INDEX_TABLE'
2013-11-27 10:40:46 7228 [Note] Shutting down plugin 'INNODB_FT_INDEX_CACHE'
2013-11-27 10:40:46 7228 [Note] Shutting down plugin 'INNODB_FT_CONFIG'
2013-11-27 10:40:46 7228 [Note] Shutting down plugin 'INNODB_FT_BEING_DELETED'
2013-11-27 10:40:46 7228 [Note] Shutting down plugin 'INNODB_FT_DELETED'
2013-11-27 10:40:46 7228 [Note] Shutting down plugin 'INNODB_FT_DEFAULT_STOPWORD'
2013-11-27 10:40:46 7228 [Note] Shutting down plugin 'INNODB_METRICS'
2013-11-27 10:40:46 7228 [Note] Shutting down plugin 'INNODB_BUFFER_POOL_STATS'
2013-11-27 10:40:46 7228 [Note] Shutting down plugin 'INNODB_BUFFER_PAGE_LRU'
2013-11-27 10:40:46 7228 [Note] Shutting down plugin 'INNODB_BUFFER_PAGE'
2013-11-27 10:40:46 7228 [Note] Shutting down plugin 'INNODB_CMP_PER_INDEX_RESET'
2013-11-27 10:40:46 7228 [Note] Shutting down plugin 'INNODB_CMP_PER_INDEX'
2013-11-27 10:40:46 7228 [Note] Shutting down plugin 'INNODB_CMPMEM_RESET'
2013-11-27 10:40:46 7228 [Note] Shutting down plugin 'INNODB_CMPMEM'
2013-11-27 10:40:46 7228 [Note] Shutting down plugin 'INNODB_CMP_RESET'
2013-11-27 10:40:46 7228 [Note] Shutting down plugin 'INNODB_CMP'
2013-11-27 10:40:46 7228 [Note] Shutting down plugin 'INNODB_LOCK_WAITS'
2013-11-27 10:40:46 7228 [Note] Shutting down plugin 'INNODB_LOCKS'
2013-11-27 10:40:46 7228 [Note] Shutting down plugin 'INNODB_TRX'
2013-11-27 10:40:46 7228 [Note] Shutting down plugin 'InnoDB'
2013-11-27 10:40:46 7228 [Note] InnoDB: FTS optimize thread exiting.
2013-11-27 10:40:46 7228 [Note] InnoDB: Starting shutdown...
2013-11-27 10:40:48 7228 [Note] InnoDB: Shutdown completed; log sequence number 1626646
2013-11-27 10:40:48 7228 [Note] Shutting down plugin 'BLACKHOLE'
2013-11-27 10:40:48 7228 [Note] Shutting down plugin 'ARCHIVE'
2013-11-27 10:40:48 7228 [Note] Shutting down plugin 'MRG_MYISAM'
2013-11-27 10:40:48 7228 [Note] Shutting down plugin 'MyISAM'
2013-11-27 10:40:48 7228 [Note] Shutting down plugin 'MEMORY'
2013-11-27 10:40:48 7228 [Note] Shutting down plugin 'CSV'
2013-11-27 10:40:48 7228 [Note] Shutting down plugin 'sha256_password'
2013-11-27 10:40:48 7228 [Note] Shutting down plugin 'mysql_old_password'
2013-11-27 10:40:48 7228 [Note] Shutting down plugin 'mysql_native_password'
2013-11-27 10:40:48 7228 [Note] Shutting down plugin 'binlog'
2013-11-27 10:40:48 7228 [Note] C:\Git\Festival Administration\USBWebserver/mysql/bin/mysqld_usbwv8.exe: Shutdown complete

2013-11-27 10:43:52 6480 [Note] Plugin 'FEDERATED' is disabled.
2013-11-27 10:43:52 6480 [Note] InnoDB: The InnoDB memory heap is disabled
2013-11-27 10:43:52 6480 [Note] InnoDB: Mutexes and rw_locks use Windows interlocked functions
2013-11-27 10:43:52 6480 [Note] InnoDB: Compressed tables use zlib 1.2.3
2013-11-27 10:43:52 6480 [Note] InnoDB: Not using CPU crc32 instructions
2013-11-27 10:43:52 6480 [Note] InnoDB: Initializing buffer pool, size = 128.0M
2013-11-27 10:43:52 6480 [Note] InnoDB: Completed initialization of buffer pool
2013-11-27 10:43:52 6480 [Note] InnoDB: Highest supported file format is Barracuda.
2013-11-27 10:43:52 f5c InnoDB: Error: page 7 log sequence number 1627840
InnoDB: is in the future! Current system log sequence number 1626646.
InnoDB: Your database may be corrupt or you may have copied the InnoDB
InnoDB: tablespace but not the InnoDB log files. See
InnoDB: http://dev.mysql.com/doc/refman/5.6/en/forcing-innodb-recovery.html
InnoDB: for more information.
2013-11-27 10:43:52 f5c InnoDB: Error: page 2 log sequence number 1645071
InnoDB: is in the future! Current system log sequence number 1626646.
InnoDB: Your database may be corrupt or you may have copied the InnoDB
InnoDB: tablespace but not the InnoDB log files. See
InnoDB: http://dev.mysql.com/doc/refman/5.6/en/forcing-innodb-recovery.html
InnoDB: for more information.
2013-11-27 10:43:52 f5c InnoDB: Error: page 11 log sequence number 1653785
InnoDB: is in the future! Current system log sequence number 1626646.
InnoDB: Your database may be corrupt or you may have copied the InnoDB
InnoDB: tablespace but not the InnoDB log files. See
InnoDB: http://dev.mysql.com/doc/refman/5.6/en/forcing-innodb-recovery.html
InnoDB: for more information.
2013-11-27 10:43:52 f5c InnoDB: Error: page 312 log sequence number 1630027
InnoDB: is in the future! Current system log sequence number 1626646.
InnoDB: Your database may be corrupt or you may have copied the InnoDB
InnoDB: tablespace but not the InnoDB log files. See
InnoDB: http://dev.mysql.com/doc/refman/5.6/en/forcing-innodb-recovery.html
InnoDB: for more information.
2013-11-27 10:43:52 f5c InnoDB: Error: page 313 log sequence number 1630203
InnoDB: is in the future! Current system log sequence number 1626646.
InnoDB: Your database may be corrupt or you may have copied the InnoDB
InnoDB: tablespace but not the InnoDB log files. See
InnoDB: http://dev.mysql.com/doc/refman/5.6/en/forcing-innodb-recovery.html
InnoDB: for more information.
2013-11-27 10:43:52 f5c InnoDB: Error: page 51 log sequence number 1653724
InnoDB: is in the future! Current system log sequence number 1626646.
InnoDB: Your database may be corrupt or you may have copied the InnoDB
InnoDB: tablespace but not the InnoDB log files. See
InnoDB: http://dev.mysql.com/doc/refman/5.6/en/forcing-innodb-recovery.html
InnoDB: for more information.
2013-11-27 10:43:52 f5c InnoDB: Error: page 314 log sequence number 1631171
InnoDB: is in the future! Current system log sequence number 1626646.
InnoDB: Your database may be corrupt or you may have copied the InnoDB
InnoDB: tablespace but not the InnoDB log files. See
InnoDB: http://dev.mysql.com/doc/refman/5.6/en/forcing-innodb-recovery.html
InnoDB: for more information.
2013-11-27 10:43:52 f5c InnoDB: Error: page 329 log sequence number 1653724
InnoDB: is in the future! Current system log sequence number 1626646.
InnoDB: Your database may be corrupt or you may have copied the InnoDB
InnoDB: tablespace but not the InnoDB log files. See
InnoDB: http://dev.mysql.com/doc/refman/5.6/en/forcing-innodb-recovery.html
InnoDB: for more information.
2013-11-27 10:43:52 f5c InnoDB: Error: page 52 log sequence number 1650652
InnoDB: is in the future! Current system log sequence number 1626646.
InnoDB: Your database may be corrupt or you may have copied the InnoDB
InnoDB: tablespace but not the InnoDB log files. See
InnoDB: http://dev.mysql.com/doc/refman/5.6/en/forcing-innodb-recovery.html
InnoDB: for more information.
2013-11-27 10:43:52 f5c InnoDB: Error: page 315 log sequence number 1632160
InnoDB: is in the future! Current system log sequence number 1626646.
InnoDB: Your database may be corrupt or you may have copied the InnoDB
InnoDB: tablespace but not the InnoDB log files. See
InnoDB: http://dev.mysql.com/doc/refman/5.6/en/forcing-innodb-recovery.html
InnoDB: for more information.
2013-11-27 10:43:52 f5c InnoDB: Error: page 327 log sequence number 1650652
InnoDB: is in the future! Current system log sequence number 1626646.
InnoDB: Your database may be corrupt or you may have copied the InnoDB
InnoDB: tablespace but not the InnoDB log files. See
InnoDB: http://dev.mysql.com/doc/refman/5.6/en/forcing-innodb-recovery.html
InnoDB: for more information.
2013-11-27 10:43:52 f5c InnoDB: Error: page 53 log sequence number 1652013
InnoDB: is in the future! Current system log sequence number 1626646.
InnoDB: Your database may be corrupt or you may have copied the InnoDB
InnoDB: tablespace but not the InnoDB log files. See
InnoDB: http://dev.mysql.com/doc/refman/5.6/en/forcing-innodb-recovery.html
InnoDB: for more information.
2013-11-27 10:43:52 f5c InnoDB: Error: page 316 log sequence number 1633126
InnoDB: is in the future! Current system log sequence number 1626646.
InnoDB: Your database may be corrupt or you may have copied the InnoDB
InnoDB: tablespace but not the InnoDB log files. See
InnoDB: http://dev.mysql.com/doc/refman/5.6/en/forcing-innodb-recovery.html
InnoDB: for more information.
2013-11-27 10:43:52 f5c InnoDB: Error: page 328 log sequence number 1652013
InnoDB: is in the future! Current system log sequence number 1626646.
InnoDB: Your database may be corrupt or you may have copied the InnoDB
InnoDB: tablespace but not the InnoDB log files. See
InnoDB: http://dev.mysql.com/doc/refman/5.6/en/forcing-innodb-recovery.html
InnoDB: for more information.
2013-11-27 10:43:52 f5c InnoDB: Error: page 55 log sequence number 1633908
InnoDB: is in the future! Current system log sequence number 1626646.
InnoDB: Your database may be corrupt or you may have copied the InnoDB
InnoDB: tablespace but not the InnoDB log files. See
InnoDB: http://dev.mysql.com/doc/refman/5.6/en/forcing-innodb-recovery.html
InnoDB: for more information.
2013-11-27 10:43:52 f5c InnoDB: Error: page 317 log sequence number 1640065
InnoDB: is in the future! Current system log sequence number 1626646.
InnoDB: Your database may be corrupt or you may have copied the InnoDB
InnoDB: tablespace but not the InnoDB log files. See
InnoDB: http://dev.mysql.com/doc/refman/5.6/en/forcing-innodb-recovery.html
InnoDB: for more information.
2013-11-27 10:43:52 f5c InnoDB: Error: page 57 log sequence number 1640236
InnoDB: is in the future! Current system log sequence number 1626646.
InnoDB: Your database may be corrupt or you may have copied the InnoDB
InnoDB: tablespace but not the InnoDB log files. See
InnoDB: http://dev.mysql.com/doc/refman/5.6/en/forcing-innodb-recovery.html
InnoDB: for more information.
2013-11-27 10:43:52 f5c InnoDB: Error: page 318 log sequence number 1640236
InnoDB: is in the future! Current system log sequence number 1626646.
InnoDB: Your database may be corrupt or you may have copied the InnoDB
InnoDB: tablespace but not the InnoDB log files. See
InnoDB: http://dev.mysql.com/doc/refman/5.6/en/forcing-innodb-recovery.html
InnoDB: for more information.
2013-11-27 10:43:52 f5c InnoDB: Error: page 59 log sequence number 1641434
InnoDB: is in the future! Current system log sequence number 1626646.
InnoDB: Your database may be corrupt or you may have copied the InnoDB
InnoDB: tablespace but not the InnoDB log files. See
InnoDB: http://dev.mysql.com/doc/refman/5.6/en/forcing-innodb-recovery.html
InnoDB: for more information.
2013-11-27 10:43:52 f5c InnoDB: Error: page 319 log sequence number 1641434
InnoDB: is in the future! Current system log sequence number 1626646.
InnoDB: Your database may be corrupt or you may have copied the InnoDB
InnoDB: tablespace but not the InnoDB log files. See
InnoDB: http://dev.mysql.com/doc/refman/5.6/en/forcing-innodb-recovery.html
InnoDB: for more information.
2013-11-27 10:43:52 f5c InnoDB: Error: page 61 log sequence number 1643135
InnoDB: is in the future! Current system log sequence number 1626646.
InnoDB: Your database may be corrupt or you may have copied the InnoDB
InnoDB: tablespace but not the InnoDB log files. See
InnoDB: http://dev.mysql.com/doc/refman/5.6/en/forcing-innodb-recovery.html
InnoDB: for more information.
2013-11-27 10:43:52 f5c InnoDB: Error: page 320 log sequence number 1643135
InnoDB: is in the future! Current system log sequence number 1626646.
InnoDB: Your database may be corrupt or you may have copied the InnoDB
InnoDB: tablespace but not the InnoDB log files. See
InnoDB: http://dev.mysql.com/doc/refman/5.6/en/forcing-innodb-recovery.html
InnoDB: for more information.
2013-11-27 10:43:52 f5c InnoDB: Error: page 63 log sequence number 1644186
InnoDB: is in the future! Current system log sequence number 1626646.
InnoDB: Your database may be corrupt or you may have copied the InnoDB
InnoDB: tablespace but not the InnoDB log files. See
InnoDB: http://dev.mysql.com/doc/refman/5.6/en/forcing-innodb-recovery.html
InnoDB: for more information.
2013-11-27 10:43:52 f5c InnoDB: Error: page 321 log sequence number 1644186
InnoDB: is in the future! Current system log sequence number 1626646.
InnoDB: Your database may be corrupt or you may have copied the InnoDB
InnoDB: tablespace but not the InnoDB log files. See
InnoDB: http://dev.mysql.com/doc/refman/5.6/en/forcing-innodb-recovery.html
InnoDB: for more information.
2013-11-27 10:43:52 f5c InnoDB: Error: page 193 log sequence number 1645331
InnoDB: is in the future! Current system log sequence number 1626646.
InnoDB: Your database may be corrupt or you may have copied the InnoDB
InnoDB: tablespace but not the InnoDB log files. See
InnoDB: http://dev.mysql.com/doc/refman/5.6/en/forcing-innodb-recovery.html
InnoDB: for more information.
2013-11-27 10:43:52 f5c InnoDB: Error: page 322 log sequence number 1645331
InnoDB: is in the future! Current system log sequence number 1626646.
InnoDB: Your database may be corrupt or you may have copied the InnoDB
InnoDB: tablespace but not the InnoDB log files. See
InnoDB: http://dev.mysql.com/doc/refman/5.6/en/forcing-innodb-recovery.html
InnoDB: for more information.
2013-11-27 10:43:52 f5c InnoDB: Error: page 195 log sequence number 1647481
InnoDB: is in the future! Current system log sequence number 1626646.
InnoDB: Your database may be corrupt or you may have copied the InnoDB
InnoDB: tablespace but not the InnoDB log files. See
InnoDB: http://dev.mysql.com/doc/refman/5.6/en/forcing-innodb-recovery.html
InnoDB: for more information.
2013-11-27 10:43:52 f5c InnoDB: Error: page 324 log sequence number 1647481
InnoDB: is in the future! Current system log sequence number 1626646.
InnoDB: Your database may be corrupt or you may have copied the InnoDB
InnoDB: tablespace but not the InnoDB log files. See
InnoDB: http://dev.mysql.com/doc/refman/5.6/en/forcing-innodb-recovery.html
InnoDB: for more information.
2013-11-27 10:43:52 f5c InnoDB: Error: page 197 log sequence number 1648591
InnoDB: is in the future! Current system log sequence number 1626646.
InnoDB: Your database may be corrupt or you may have copied the InnoDB
InnoDB: tablespace but not the InnoDB log files. See
InnoDB: http://dev.mysql.com/doc/refman/5.6/en/forcing-innodb-recovery.html
InnoDB: for more information.
2013-11-27 10:43:52 f5c InnoDB: Error: page 325 log sequence number 1648591
InnoDB: is in the future! Current system log sequence number 1626646.
InnoDB: Your database may be corrupt or you may have copied the InnoDB
InnoDB: tablespace but not the InnoDB log files. See
InnoDB: http://dev.mysql.com/doc/refman/5.6/en/forcing-innodb-recovery.html
InnoDB: for more information.
2013-11-27 10:43:52 f5c InnoDB: Error: page 199 log sequence number 1649647
InnoDB: is in the future! Current system log sequence number 1626646.
InnoDB: Your database may be corrupt or you may have copied the InnoDB
InnoDB: tablespace but not the InnoDB log files. See
InnoDB: http://dev.mysql.com/doc/refman/5.6/en/forcing-innodb-recovery.html
InnoDB: for more information.
2013-11-27 10:43:52 f5c InnoDB: Error: page 326 log sequence number 1649647
InnoDB: is in the future! Current system log sequence number 1626646.
InnoDB: Your database may be corrupt or you may have copied the InnoDB
InnoDB: tablespace but not the InnoDB log files. See
InnoDB: http://dev.mysql.com/doc/refman/5.6/en/forcing-innodb-recovery.html
InnoDB: for more information.
2013-11-27 10:43:52 f5c InnoDB: Error: page 8 log sequence number 1653737
InnoDB: is in the future! Current system log sequence number 1626646.
InnoDB: Your database may be corrupt or you may have copied the InnoDB
InnoDB: tablespace but not the InnoDB log files. See
InnoDB: http://dev.mysql.com/doc/refman/5.6/en/forcing-innodb-recovery.html
InnoDB: for more information.
2013-11-27 10:43:52 6480 [Note] InnoDB: 128 rollback segment(s) are active.
2013-11-27 10:43:52 f5c InnoDB: Error: page 10 log sequence number 1653752
InnoDB: is in the future! Current system log sequence number 1626656.
InnoDB: Your database may be corrupt or you may have copied the InnoDB
InnoDB: tablespace but not the InnoDB log files. See
InnoDB: http://dev.mysql.com/doc/refman/5.6/en/forcing-innodb-recovery.html
InnoDB: for more information.
2013-11-27 10:43:52 f5c InnoDB: Error: page 12 log sequence number 1653790
InnoDB: is in the future! Current system log sequence number 1626656.
InnoDB: Your database may be corrupt or you may have copied the InnoDB
InnoDB: tablespace but not the InnoDB log files. See
InnoDB: http://dev.mysql.com/doc/refman/5.6/en/forcing-innodb-recovery.html
InnoDB: for more information.
2013-11-27 10:43:53 6480 [Note] InnoDB: Waiting for purge to start
2013-11-27 10:43:53 ad4 InnoDB: Error: page 9 log sequence number 1653732
InnoDB: is in the future! Current system log sequence number 1626656.
InnoDB: Your database may be corrupt or you may have copied the InnoDB
InnoDB: tablespace but not the InnoDB log files. See
InnoDB: http://dev.mysql.com/doc/refman/5.6/en/forcing-innodb-recovery.html
InnoDB: for more information.
2013-11-27 10:43:53 ad4 InnoDB: Error: page 308 log sequence number 1653774
InnoDB: is in the future! Current system log sequence number 1626656.
InnoDB: Your database may be corrupt or you may have copied the InnoDB
InnoDB: tablespace but not the InnoDB log files. See
InnoDB: http://dev.mysql.com/doc/refman/5.6/en/forcing-innodb-recovery.html
InnoDB: for more information.
2013-11-27 10:43:53 ad4 InnoDB: Error: page 307 log sequence number 1653780
InnoDB: is in the future! Current system log sequence number 1626656.
InnoDB: Your database may be corrupt or you may have copied the InnoDB
InnoDB: tablespace but not the InnoDB log files. See
InnoDB: http://dev.mysql.com/doc/refman/5.6/en/forcing-innodb-recovery.html
InnoDB: for more information.
2013-11-27 10:43:53 ad4 InnoDB: Error: page 3 log sequence number 1653851
InnoDB: is in the future! Current system log sequence number 1626656.
InnoDB: Your database may be corrupt or you may have copied the InnoDB
InnoDB: tablespace but not the InnoDB log files. See
InnoDB: http://dev.mysql.com/doc/refman/5.6/en/forcing-innodb-recovery.html
InnoDB: for more information.
2013-11-27 10:43:53 ad4 InnoDB: Error: page 3 log sequence number 1653727
InnoDB: is in the future! Current system log sequence number 1626656.
InnoDB: Your database may be corrupt or you may have copied the InnoDB
InnoDB: tablespace but not the InnoDB log files. See
InnoDB: http://dev.mysql.com/doc/refman/5.6/en/forcing-innodb-recovery.html
InnoDB: for more information.
2013-11-27 10:43:53 f5c InnoDB: Error: page 0 log sequence number 1652813
InnoDB: is in the future! Current system log sequence number 1626656.
InnoDB: Your database may be corrupt or you may have copied the InnoDB
InnoDB: tablespace but not the InnoDB log files. See
InnoDB: http://dev.mysql.com/doc/refman/5.6/en/forcing-innodb-recovery.html
InnoDB: for more information.
2013-11-27 10:43:53 6480 [Note] InnoDB: 5.6.13 started; log sequence number 1626646
2013-11-27 10:43:53 6480 [Note] Server hostname (bind-address): '*'; port: 3307
2013-11-27 10:43:53 6480 [Note] IPv6 is available.
2013-11-27 10:43:53 6480 [Note]   - '::' resolves to '::';
2013-11-27 10:43:53 6480 [Note] Server socket created on IP: '::'.
